Flow report for sheet6_problem1
Sat Jun 11 16:24:09 2022
Quartus Prime Version 19.1.0 Build 670 09/22/2019 SJ Lite Edition


---------------------
; Table of Contents ;
---------------------
  1. Legal Notice
  2. Flow Summary
  3. Flow Settings
  4. Flow Non-Default Global Settings
  5. Flow Elapsed Time
  6. Flow OS Summary
  7. Flow Log
  8. Flow Messages
  9. Flow Suppressed Messages



----------------
; Legal Notice ;
----------------
Copyright (C) 2019  Intel Corporation. All rights reserved.
Your use of Intel Corporation's design tools, logic functions 
and other software and tools, and any partner logic 
functions, and any output files from any of the foregoing 
(including device programming or simulation files), and any 
associated documentation or information are expressly subject 
to the terms and conditions of the Intel Program License 
Subscription Agreement, the Intel Quartus Prime License Agreement,
the Intel FPGA IP License Agreement, or other applicable license
agreement, including, without limitation, that your use is for
the sole purpose of programming logic devices manufactured by
Intel and sold by Intel or its authorized distributors.  Please
refer to the applicable agreement for further details, at
https://fpgasoftware.intel.com/eula.



+----------------------------------------------------------------------------------+
; Flow Summary                                                                     ;
+------------------------------------+---------------------------------------------+
; Flow Status                        ; Successful - Sat Jun 11 16:24:09 2022       ;
; Quartus Prime Version              ; 19.1.0 Build 670 09/22/2019 SJ Lite Edition ;
; Revision Name                      ; sheet6_problem1                             ;
; Top-level Entity Name              ; toplevel                                    ;
; Family                             ; Cyclone 10 LP                               ;
; Device                             ; 10CL025YU256C8G                             ;
; Timing Models                      ; Final                                       ;
; Total logic elements               ; 692 / 24,624 ( 3 % )                        ;
;     Total combinational functions  ; 557 / 24,624 ( 2 % )                        ;
;     Dedicated logic registers      ; 489 / 24,624 ( 2 % )                        ;
; Total registers                    ; 489                                         ;
; Total pins                         ; 10 / 151 ( 7 % )                            ;
; Total virtual pins                 ; 0                                           ;
; Total memory bits                  ; 528 / 608,256 ( < 1 % )                     ;
; Embedded Multiplier 9-bit elements ; 0 / 132 ( 0 % )                             ;
; Total PLLs                         ; 0 / 4 ( 0 % )                               ;
+------------------------------------+---------------------------------------------+


+-----------------------------------------+
; Flow Settings                           ;
+-------------------+---------------------+
; Option            ; Setting             ;
+-------------------+---------------------+
; Start date & time ; 06/11/2022 16:19:27 ;
; Main task         ; Compilation         ;
; Revision Name     ; sheet6_problem1     ;
+-------------------+---------------------+


+-----------------------------------------------------------------------------------------------------------------------------------------------------------------+
; Flow Non-Default Global Settings                                                                                                                                ;
+--------------------------------------+------------------------------------------------------+-----------------+-------------+-----------------------------------+
; Assignment Name                      ; Value                                                ; Default Value   ; Entity Name ; Section Id                        ;
+--------------------------------------+------------------------------------------------------+-----------------+-------------+-----------------------------------+
; COMPILER_SIGNATURE_ID                ; 8796759363876.165495716607302                        ; --              ; --          ; --                                ;
; EDA_DESIGN_INSTANCE_NAME             ; NA                                                   ; --              ; --          ; debouncer_tb                      ;
; EDA_DESIGN_INSTANCE_NAME             ; NA                                                   ; --              ; --          ; fsm_tb                            ;
; EDA_DESIGN_INSTANCE_NAME             ; NA                                                   ; --              ; --          ; toplevel_tb                       ;
; EDA_DESIGN_INSTANCE_NAME             ; NA                                                   ; --              ; --          ; edge_detector_tb                  ;
; EDA_DESIGN_INSTANCE_NAME             ; NA                                                   ; --              ; --          ; counter_tb                        ;
; EDA_GENERATE_FUNCTIONAL_NETLIST      ; Off                                                  ; --              ; --          ; eda_board_design_timing           ;
; EDA_GENERATE_FUNCTIONAL_NETLIST      ; Off                                                  ; --              ; --          ; eda_board_design_boundary_scan    ;
; EDA_GENERATE_FUNCTIONAL_NETLIST      ; Off                                                  ; --              ; --          ; eda_board_design_signal_integrity ;
; EDA_GENERATE_FUNCTIONAL_NETLIST      ; Off                                                  ; --              ; --          ; eda_board_design_symbol           ;
; EDA_NATIVELINK_SIMULATION_TEST_BENCH ; debouncer_tb                                         ; --              ; --          ; eda_simulation                    ;
; EDA_OUTPUT_DATA_FORMAT               ; Verilog Hdl                                          ; --              ; --          ; eda_simulation                    ;
; EDA_SIMULATION_TOOL                  ; ModelSim-Altera (Verilog)                            ; <None>          ; --          ; --                                ;
; EDA_TEST_BENCH_ENABLE_STATUS         ; TEST_BENCH_MODE                                      ; --              ; --          ; eda_simulation                    ;
; EDA_TEST_BENCH_FILE                  ; debouncer_tb.vhd                                     ; --              ; --          ; debouncer_tb                      ;
; EDA_TEST_BENCH_FILE                  ; fsm_tb.vhd                                           ; --              ; --          ; fsm_tb                            ;
; EDA_TEST_BENCH_FILE                  ; toplevel_tb.vhd                                      ; --              ; --          ; toplevel_tb                       ;
; EDA_TEST_BENCH_FILE                  ; edge_detector_tb.vhd                                 ; --              ; --          ; edge_detector_tb                  ;
; EDA_TEST_BENCH_FILE                  ; counter_tb.vhd                                       ; --              ; --          ; counter_tb                        ;
; EDA_TEST_BENCH_MODULE_NAME           ; debouncer_tb                                         ; --              ; --          ; debouncer_tb                      ;
; EDA_TEST_BENCH_MODULE_NAME           ; fsm_tb                                               ; --              ; --          ; fsm_tb                            ;
; EDA_TEST_BENCH_MODULE_NAME           ; toplevel_tb                                          ; --              ; --          ; toplevel_tb                       ;
; EDA_TEST_BENCH_MODULE_NAME           ; edge_detector_tb                                     ; --              ; --          ; edge_detector_tb                  ;
; EDA_TEST_BENCH_MODULE_NAME           ; counter_tb                                           ; --              ; --          ; counter_tb                        ;
; EDA_TEST_BENCH_NAME                  ; fsm_tb                                               ; --              ; --          ; eda_simulation                    ;
; EDA_TEST_BENCH_NAME                  ; edge_detector_tb                                     ; --              ; --          ; eda_simulation                    ;
; EDA_TEST_BENCH_NAME                  ; counter_tb                                           ; --              ; --          ; eda_simulation                    ;
; EDA_TEST_BENCH_NAME                  ; toplevel_tb                                          ; --              ; --          ; eda_simulation                    ;
; EDA_TEST_BENCH_NAME                  ; debouncer_tb                                         ; --              ; --          ; eda_simulation                    ;
; EDA_TEST_BENCH_RUN_SIM_FOR           ; 200 ns                                               ; --              ; --          ; debouncer_tb                      ;
; EDA_TEST_BENCH_RUN_SIM_FOR           ; 6005 ms                                              ; --              ; --          ; fsm_tb                            ;
; EDA_TEST_BENCH_RUN_SIM_FOR           ; 215 ms                                               ; --              ; --          ; toplevel_tb                       ;
; EDA_TEST_BENCH_RUN_SIM_FOR           ; 5 ms                                                 ; --              ; --          ; edge_detector_tb                  ;
; EDA_TEST_BENCH_RUN_SIM_FOR           ; 10 ms                                                ; --              ; --          ; counter_tb                        ;
; EDA_TIME_SCALE                       ; 1 ps                                                 ; --              ; --          ; eda_simulation                    ;
; ENABLE_SIGNALTAP                     ; On                                                   ; --              ; --          ; --                                ;
; MAX_CORE_JUNCTION_TEMP               ; 85                                                   ; --              ; --          ; --                                ;
; MIN_CORE_JUNCTION_TEMP               ; 0                                                    ; --              ; --          ; --                                ;
; MISC_FILE                            ; my_fifo.cmp                                          ; --              ; --          ; --                                ;
; NOMINAL_CORE_SUPPLY_VOLTAGE          ; 1.2V                                                 ; --              ; --          ; --                                ;
; PARTITION_COLOR                      ; -- (Not supported for targeted family)               ; --              ; toplevel    ; Top                               ;
; PARTITION_FITTER_PRESERVATION_LEVEL  ; -- (Not supported for targeted family)               ; --              ; toplevel    ; Top                               ;
; PARTITION_NETLIST_TYPE               ; -- (Not supported for targeted family)               ; --              ; toplevel    ; Top                               ;
; POWER_BOARD_THERMAL_MODEL            ; None (CONSERVATIVE)                                  ; --              ; --          ; --                                ;
; POWER_PRESET_COOLING_SOLUTION        ; 23 MM HEAT SINK WITH 200 LFPM AIRFLOW                ; --              ; --          ; --                                ;
; PROJECT_OUTPUT_DIRECTORY             ; output_files                                         ; --              ; --          ; --                                ;
; SLD_FILE                             ; db/stp1_auto_stripped.stp                            ; --              ; --          ; --                                ;
; SLD_NODE_CREATOR_ID                  ; 110                                                  ; --              ; --          ; auto_signaltap_0                  ;
; SLD_NODE_ENTITY_NAME                 ; sld_signaltap                                        ; --              ; --          ; auto_signaltap_0                  ;
; SLD_NODE_PARAMETER_ASSIGNMENT        ; SLD_RAM_BLOCK_TYPE=AUTO                              ; --              ; --          ; auto_signaltap_0                  ;
; SLD_NODE_PARAMETER_ASSIGNMENT        ; SLD_DATA_BITS=4                                      ; --              ; --          ; auto_signaltap_0                  ;
; SLD_NODE_PARAMETER_ASSIGNMENT        ; SLD_TRIGGER_BITS=4                                   ; --              ; --          ; auto_signaltap_0                  ;
; SLD_NODE_PARAMETER_ASSIGNMENT        ; SLD_STORAGE_QUALIFIER_BITS=4                         ; --              ; --          ; auto_signaltap_0                  ;
; SLD_NODE_PARAMETER_ASSIGNMENT        ; SLD_NODE_INFO=805334528                              ; --              ; --          ; auto_signaltap_0                  ;
; SLD_NODE_PARAMETER_ASSIGNMENT        ; SLD_POWER_UP_TRIGGER=0                               ; --              ; --          ; auto_signaltap_0                  ;
; SLD_NODE_PARAMETER_ASSIGNMENT        ; SLD_INVERSION_MASK=000000000000000000000000000000000 ; --              ; --          ; auto_signaltap_0                  ;
; SLD_NODE_PARAMETER_ASSIGNMENT        ; SLD_INVERSION_MASK_LENGTH=33                         ; --              ; --          ; auto_signaltap_0                  ;
; SLD_NODE_PARAMETER_ASSIGNMENT        ; SLD_STORAGE_QUALIFIER_INVERSION_MASK_LENGTH=0        ; --              ; --          ; auto_signaltap_0                  ;
; SLD_NODE_PARAMETER_ASSIGNMENT        ; SLD_SEGMENT_SIZE=128                                 ; --              ; --          ; auto_signaltap_0                  ;
; SLD_NODE_PARAMETER_ASSIGNMENT        ; SLD_ATTRIBUTE_MEM_MODE=OFF                           ; --              ; --          ; auto_signaltap_0                  ;
; SLD_NODE_PARAMETER_ASSIGNMENT        ; SLD_STATE_FLOW_USE_GENERATED=0                       ; --              ; --          ; auto_signaltap_0                  ;
; SLD_NODE_PARAMETER_ASSIGNMENT        ; SLD_STATE_BITS=11                                    ; --              ; --          ; auto_signaltap_0                  ;
; SLD_NODE_PARAMETER_ASSIGNMENT        ; SLD_BUFFER_FULL_STOP=1                               ; --              ; --          ; auto_signaltap_0                  ;
; SLD_NODE_PARAMETER_ASSIGNMENT        ; SLD_CURRENT_RESOURCE_WIDTH=1                         ; --              ; --          ; auto_signaltap_0                  ;
; SLD_NODE_PARAMETER_ASSIGNMENT        ; SLD_INCREMENTAL_ROUTING=1                            ; --              ; --          ; auto_signaltap_0                  ;
; SLD_NODE_PARAMETER_ASSIGNMENT        ; SLD_TRIGGER_LEVEL=1                                  ; --              ; --          ; auto_signaltap_0                  ;
; SLD_NODE_PARAMETER_ASSIGNMENT        ; SLD_SAMPLE_DEPTH=128                                 ; --              ; --          ; auto_signaltap_0                  ;
; SLD_NODE_PARAMETER_ASSIGNMENT        ; SLD_TRIGGER_IN_ENABLED=0                             ; --              ; --          ; auto_signaltap_0                  ;
; SLD_NODE_PARAMETER_ASSIGNMENT        ; SLD_TRIGGER_PIPELINE=0                               ; --              ; --          ; auto_signaltap_0                  ;
; SLD_NODE_PARAMETER_ASSIGNMENT        ; SLD_RAM_PIPELINE=0                                   ; --              ; --          ; auto_signaltap_0                  ;
; SLD_NODE_PARAMETER_ASSIGNMENT        ; SLD_COUNTER_PIPELINE=0                               ; --              ; --          ; auto_signaltap_0                  ;
; SLD_NODE_PARAMETER_ASSIGNMENT        ; SLD_ADVANCED_TRIGGER_ENTITY=basic,1,                 ; --              ; --          ; auto_signaltap_0                  ;
; SLD_NODE_PARAMETER_ASSIGNMENT        ; SLD_TRIGGER_LEVEL_PIPELINE=1                         ; --              ; --          ; auto_signaltap_0                  ;
; SLD_NODE_PARAMETER_ASSIGNMENT        ; SLD_ENABLE_ADVANCED_TRIGGER=0                        ; --              ; --          ; auto_signaltap_0                  ;
; TOP_LEVEL_ENTITY                     ; toplevel                                             ; sheet6_problem1 ; --          ; --                                ;
; USE_SIGNALTAP_FILE                   ; output_files/stp1.stp                                ; --              ; --          ; --                                ;
+--------------------------------------+------------------------------------------------------+-----------------+-------------+-----------------------------------+


+--------------------------------------------------------------------------------------------------------------------------+
; Flow Elapsed Time                                                                                                        ;
+----------------------+--------------+-------------------------+---------------------+------------------------------------+
; Module Name          ; Elapsed Time ; Average Processors Used ; Peak Virtual Memory ; Total CPU Time (on all processors) ;
+----------------------+--------------+-------------------------+---------------------+------------------------------------+
; Analysis & Synthesis ; 00:02:31     ; 1.0                     ; 1124 MB             ; 00:01:31                           ;
; Partition Merge      ; 00:00:06     ; 1.0                     ; 1182 MB             ; 00:00:02                           ;
; Fitter               ; 00:00:46     ; 1.0                     ; 1269 MB             ; 00:00:24                           ;
; Assembler            ; 00:00:16     ; 1.0                     ; 929 MB              ; 00:00:08                           ;
; Timing Analyzer      ; 00:00:15     ; 1.0                     ; 904 MB              ; 00:00:07                           ;
; EDA Netlist Writer   ; 00:00:15     ; 1.0                     ; 1150 MB             ; 00:00:08                           ;
; Total                ; 00:04:09     ; --                      ; --                  ; 00:02:20                           ;
+----------------------+--------------+-------------------------+---------------------+------------------------------------+


+---------------------------------------------------------------------------------------------+
; Flow OS Summary                                                                             ;
+----------------------+-----------------------+--------------+--------------+----------------+
; Module Name          ; Machine Hostname      ; OS Name      ; OS Version   ; Processor type ;
+----------------------+-----------------------+--------------+--------------+----------------+
; Analysis & Synthesis ; localhost.localdomain ; CentOS Linux ; CentOS Linux ; x86_64         ;
; Partition Merge      ; localhost.localdomain ; CentOS Linux ; CentOS Linux ; x86_64         ;
; Fitter               ; localhost.localdomain ; CentOS Linux ; CentOS Linux ; x86_64         ;
; Assembler            ; localhost.localdomain ; CentOS Linux ; CentOS Linux ; x86_64         ;
; Timing Analyzer      ; localhost.localdomain ; CentOS Linux ; CentOS Linux ; x86_64         ;
; EDA Netlist Writer   ; localhost.localdomain ; CentOS Linux ; CentOS Linux ; x86_64         ;
+----------------------+-----------------------+--------------+--------------+----------------+


------------
; Flow Log ;
------------
quartus_map --read_settings_files=on --write_settings_files=off sheet6_problem1 -c sheet6_problem1
quartus_cdb --read_settings_files=off --write_settings_files=off sheet6_problem1 -c sheet6_problem1 --merge=on
quartus_fit --read_settings_files=off --write_settings_files=off sheet6_problem1 -c sheet6_problem1
quartus_asm --read_settings_files=off --write_settings_files=off sheet6_problem1 -c sheet6_problem1
quartus_sta sheet6_problem1 -c sheet6_problem1
quartus_eda --read_settings_files=off --write_settings_files=off sheet6_problem1 -c sheet6_problem1



